d:\projects\memorymanagement\memorymanagement\debug\memorymanagement.pch.codeanalysis
d:\projects\memorymanagement\memorymanagement\debug\vc141.pdb
d:\projects\memorymanagement\memorymanagement\debug\vc141.idb
d:\projects\memorymanagement\memorymanagement\debug\memorymanagement.pch.codeanalysisast
d:\projects\memorymanagement\memorymanagement\debug\pch.nativecodeanalysis.xml
d:\projects\memorymanagement\memorymanagement\debug\pch.obj
d:\projects\memorymanagement\memorymanagement\debug\memorymanagement.nativecodeanalysis.xml
d:\projects\memorymanagement\memorymanagement\debug\memorymanagement.obj
d:\projects\memorymanagement\debug\memorymanagement.ilk
d:\projects\memorymanagement\debug\memorymanagement.exe
d:\projects\memorymanagement\debug\memorymanagement.pdb
d:\projects\memorymanagement\memorymanagement\debug\nativecodeanalysis.read.1.tlog
d:\projects\memorymanagement\memorymanagement\debug\vc.nativecodeanalysis.all.xml
d:\projects\memorymanagement\debug\memorymanagement.exe.lastcodeanalysissucceeded
d:\projects\memorymanagement\memorymanagement\debug\memorymanagement.tlog\cl.command.1.tlog
d:\projects\memorymanagement\memorymanagement\debug\memorymanagement.tlog\cl.read.1.tlog
d:\projects\memorymanagement\memorymanagement\debug\memorymanagement.tlog\cl.write.1.tlog
d:\projects\memorymanagement\memorymanagement\debug\memorymanagement.tlog\link.command.1.tlog
d:\projects\memorymanagement\memorymanagement\debug\memorymanagement.tlog\link.read.1.tlog
d:\projects\memorymanagement\memorymanagement\debug\memorymanagement.tlog\link.write.1.tlog
